\BOOKMARK [1][-]{section.1}{Introduction}{}% 1
\BOOKMARK [1][-]{section.2}{design}{}% 2
\BOOKMARK [2][-]{subsection.2.1}{shallow-state blockchain}{section.2}% 3
\BOOKMARK [2][-]{subsection.2.2}{cache design}{section.2}% 4
\BOOKMARK [2][-]{subsection.2.3}{persistent cache}{section.2}% 5
\BOOKMARK [2][-]{subsection.2.4}{LRU}{section.2}% 6
\BOOKMARK [2][-]{subsection.2.5}{persistent LRU algorithm}{section.2}% 7
\BOOKMARK [2][-]{subsection.2.6}{hash table + red-black tree}{section.2}% 8
\BOOKMARK [2][-]{subsection.2.7}{hash table + value-independent order tree}{section.2}% 9
\BOOKMARK [3][-]{subsubsection.2.7.1}{complexity analysis}{subsection.2.7}% 10
\BOOKMARK [1][-]{section.3}{experiment}{}% 11
\BOOKMARK [2][-]{subsection.3.1}{Experiment Environment}{section.3}% 12
\BOOKMARK [2][-]{subsection.3.2}{Data Structures}{section.3}% 13
\BOOKMARK [2][-]{subsection.3.3}{performance}{section.3}% 14
\BOOKMARK [3][-]{subsubsection.3.3.1}{workload}{subsection.3.3}% 15
\BOOKMARK [3][-]{subsubsection.3.3.2}{Adjust Cache Size}{subsection.3.3}% 16
\BOOKMARK [3][-]{subsubsection.3.3.3}{Adjust hit rate}{subsection.3.3}% 17
\BOOKMARK [2][-]{subsection.3.4}{Miss Penalty}{section.3}% 18
\BOOKMARK [2][-]{subsection.3.5}{Experiment Conclusion}{section.3}% 19
\BOOKMARK [1][-]{section.4}{Related Work}{}% 20
\BOOKMARK [2][-]{subsection.4.1}{Utreexo}{section.4}% 21
\BOOKMARK [2][-]{subsection.4.2}{Making Data Structure Persistent}{section.4}% 22
\BOOKMARK [1][-]{section.5}{Conclusion}{}% 23
\BOOKMARK [1][-]{section*.1}{References}{}% 24
